2023-02-27 21:55:50.133 CET [86279] LOG:  starting PostgreSQL 15.2 on aarch64-apple-darwin21.6.0, compiled by Apple clang version 14.0.0 (clang-1400.0.29.102), 64-bit
2023-02-27 21:55:50.135 CET [86279] LOG:  listening on IPv6 address "::1", port 5432
2023-02-27 21:55:50.135 CET [86279] LOG:  listening on IPv4 address "127.0.0.1", port 5432
2023-02-27 21:55:50.137 CET [86279] LOG:  listening on Unix socket "/tmp/.s.PGSQL.5432"
2023-02-27 21:55:50.141 CET [86282] LOG:  database system was shut down at 2023-02-27 21:55:50 CET
2023-02-27 21:55:50.148 CET [86279] LOG:  database system is ready to accept connections
2023-02-27 21:56:03.375 CET [86279] LOG:  received fast shutdown request
2023-02-27 21:56:03.376 CET [86279] LOG:  aborting any active transactions
2023-02-27 21:56:03.377 CET [86279] LOG:  background worker "logical replication launcher" (PID 86285) exited with exit code 1
2023-02-27 21:56:03.377 CET [86280] LOG:  shutting down
2023-02-27 21:56:03.377 CET [86280] LOG:  checkpoint starting: shutdown immediate
2023-02-27 21:56:03.417 CET [86280] LOG:  checkpoint complete: wrote 936 buffers (5.7%); 0 WAL file(s) added, 0 removed, 0 recycled; write=0.023 s, sync=0.016 s, total=0.040 s; sync files=257, longest=0.001 s, average=0.001 s; distance=4283 kB, estimate=4283 kB
2023-02-27 21:56:03.422 CET [86279] LOG:  database system is shut down
2023-02-27 21:56:11.388 CET [86308] LOG:  starting PostgreSQL 15.2 on aarch64-apple-darwin21.6.0, compiled by Apple clang version 14.0.0 (clang-1400.0.29.102), 64-bit
2023-02-27 21:56:11.391 CET [86308] LOG:  listening on IPv6 address "::1", port 5432
2023-02-27 21:56:11.391 CET [86308] LOG:  listening on IPv4 address "127.0.0.1", port 5432
2023-02-27 21:56:11.391 CET [86308] LOG:  listening on Unix socket "/tmp/.s.PGSQL.5432"
2023-02-27 21:56:11.395 CET [86311] LOG:  database system was shut down at 2023-02-27 21:56:03 CET
2023-02-27 21:56:11.399 CET [86308] LOG:  database system is ready to accept connections
2023-02-27 21:56:35.276 CET [86308] LOG:  received fast shutdown request
2023-02-27 21:56:35.277 CET [86308] LOG:  aborting any active transactions
2023-02-27 21:56:35.278 CET [86308] LOG:  background worker "logical replication launcher" (PID 86314) exited with exit code 1
2023-02-27 21:56:35.278 CET [86309] LOG:  shutting down
2023-02-27 21:56:35.278 CET [86309] LOG:  checkpoint starting: shutdown immediate
2023-02-27 21:56:35.282 CET [86309] LOG:  checkpoint complete: wrote 45 buffers (0.3%); 0 WAL file(s) added, 0 removed, 0 recycled; write=0.002 s, sync=0.001 s, total=0.005 s; sync files=11, longest=0.001 s, average=0.001 s; distance=297 kB, estimate=297 kB
2023-02-27 21:56:35.286 CET [86308] LOG:  database system is shut down
2023-02-27 22:03:06.931 CET [86578] LOG:  starting PostgreSQL 15.2 on aarch64-apple-darwin21.6.0, compiled by Apple clang version 14.0.0 (clang-1400.0.29.102), 64-bit
2023-02-27 22:03:06.933 CET [86578] LOG:  listening on IPv6 address "::1", port 5432
2023-02-27 22:03:06.933 CET [86578] LOG:  listening on IPv4 address "127.0.0.1", port 5432
2023-02-27 22:03:06.934 CET [86578] LOG:  listening on Unix socket "/tmp/.s.PGSQL.5432"
2023-02-27 22:03:06.938 CET [86581] LOG:  database system was shut down at 2023-02-27 21:56:35 CET
2023-02-27 22:03:06.942 CET [86578] LOG:  database system is ready to accept connections
2023-02-27 22:05:06.909 CET [86578] LOG:  received fast shutdown request
2023-02-27 22:05:06.910 CET [86578] LOG:  aborting any active transactions
2023-02-27 22:05:06.912 CET [86578] LOG:  background worker "logical replication launcher" (PID 86584) exited with exit code 1
2023-02-27 22:05:06.912 CET [86579] LOG:  shutting down
2023-02-27 22:05:06.912 CET [86579] LOG:  checkpoint starting: shutdown immediate
2023-02-27 22:05:06.917 CET [86579] LOG:  checkpoint complete: wrote 34 buffers (0.2%); 0 WAL file(s) added, 0 removed, 0 recycled; write=0.002 s, sync=0.002 s, total=0.006 s; sync files=7, longest=0.001 s, average=0.001 s; distance=213 kB, estimate=213 kB
2023-02-27 22:05:06.920 CET [86578] LOG:  database system is shut down
2023-02-27 22:08:29.895 CET [86794] LOG:  starting PostgreSQL 15.2 on aarch64-apple-darwin21.6.0, compiled by Apple clang version 14.0.0 (clang-1400.0.29.102), 64-bit
2023-02-27 22:08:29.897 CET [86794] LOG:  listening on IPv6 address "::1", port 5432
2023-02-27 22:08:29.897 CET [86794] LOG:  listening on IPv4 address "127.0.0.1", port 5432
2023-02-27 22:08:29.898 CET [86794] LOG:  listening on Unix socket "/tmp/.s.PGSQL.5432"
2023-02-27 22:08:29.901 CET [86797] LOG:  database system was shut down at 2023-02-27 22:05:06 CET
2023-02-27 22:08:29.916 CET [86794] LOG:  database system is ready to accept connections
2023-02-27 22:11:08.855 CET [86794] LOG:  received fast shutdown request
2023-02-27 22:11:08.856 CET [86794] LOG:  aborting any active transactions
2023-02-27 22:11:08.858 CET [86794] LOG:  background worker "logical replication launcher" (PID 86800) exited with exit code 1
2023-02-27 22:11:08.858 CET [86795] LOG:  shutting down
2023-02-27 22:11:08.859 CET [86795] LOG:  checkpoint starting: shutdown immediate
2023-02-27 22:11:08.863 CET [86795] LOG:  checkpoint complete: wrote 3 buffers (0.0%); 0 WAL file(s) added, 0 removed, 0 recycled; write=0.002 s, sync=0.001 s, total=0.005 s; sync files=2, longest=0.001 s, average=0.001 s; distance=0 kB, estimate=0 kB
2023-02-27 22:11:08.868 CET [86794] LOG:  database system is shut down
2023-02-27 22:11:24.877 CET [86885] LOG:  starting PostgreSQL 15.2 on aarch64-apple-darwin21.6.0, compiled by Apple clang version 14.0.0 (clang-1400.0.29.102), 64-bit
2023-02-27 22:11:24.880 CET [86885] LOG:  listening on IPv6 address "::1", port 5432
2023-02-27 22:11:24.880 CET [86885] LOG:  listening on IPv4 address "127.0.0.1", port 5432
2023-02-27 22:11:24.881 CET [86885] LOG:  listening on Unix socket "/tmp/.s.PGSQL.5432"
2023-02-27 22:11:24.885 CET [86888] LOG:  database system was shut down at 2023-02-27 22:11:08 CET
2023-02-27 22:11:24.889 CET [86885] LOG:  database system is ready to accept connections
2023-02-27 22:16:24.887 CET [86886] LOG:  checkpoint starting: time
2023-02-27 22:16:24.892 CET [86886] LOG:  checkpoint complete: wrote 3 buffers (0.0%); 0 WAL file(s) added, 0 removed, 0 recycled; write=0.002 s, sync=0.001 s, total=0.005 s; sync files=2, longest=0.001 s, average=0.001 s; distance=0 kB, estimate=0 kB
2023-02-27 22:27:44.655 CET [86885] LOG:  received fast shutdown request
2023-02-27 22:27:44.655 CET [86885] LOG:  aborting any active transactions
2023-02-27 22:27:44.657 CET [86885] LOG:  background worker "logical replication launcher" (PID 86891) exited with exit code 1
2023-02-27 22:27:44.657 CET [86886] LOG:  shutting down
2023-02-27 22:27:44.658 CET [86886] LOG:  checkpoint starting: shutdown immediate
2023-02-27 22:27:44.659 CET [86886] LOG:  checkpoint complete: wrote 0 buffers (0.0%); 0 WAL file(s) added, 0 removed, 0 recycled; write=0.001 s, sync=0.001 s, total=0.002 s; sync files=0, longest=0.000 s, average=0.000 s; distance=0 kB, estimate=0 kB
2023-02-27 22:27:44.662 CET [86885] LOG:  database system is shut down
2023-02-27 22:37:29.743 CET [87738] LOG:  starting PostgreSQL 15.2 on aarch64-apple-darwin21.6.0, compiled by Apple clang version 14.0.0 (clang-1400.0.29.102), 64-bit
2023-02-27 22:37:29.745 CET [87738] LOG:  listening on IPv6 address "::1", port 5432
2023-02-27 22:37:29.745 CET [87738] LOG:  listening on IPv4 address "127.0.0.1", port 5432
2023-02-27 22:37:29.746 CET [87738] LOG:  listening on Unix socket "/tmp/.s.PGSQL.5432"
2023-02-27 22:37:29.751 CET [87741] LOG:  database system was shut down at 2023-02-27 22:27:44 CET
2023-02-27 22:37:29.755 CET [87738] LOG:  database system is ready to accept connections
2023-02-27 22:38:49.876 CET [87738] LOG:  received fast shutdown request
2023-02-27 22:38:49.876 CET [87738] LOG:  aborting any active transactions
2023-02-27 22:38:49.878 CET [87738] LOG:  background worker "logical replication launcher" (PID 87744) exited with exit code 1
2023-02-27 22:38:49.878 CET [87739] LOG:  shutting down
2023-02-27 22:38:49.878 CET [87739] LOG:  checkpoint starting: shutdown immediate
2023-02-27 22:38:49.881 CET [87739] LOG:  checkpoint complete: wrote 3 buffers (0.0%); 0 WAL file(s) added, 0 removed, 0 recycled; write=0.002 s, sync=0.001 s, total=0.003 s; sync files=2, longest=0.001 s, average=0.001 s; distance=0 kB, estimate=0 kB
2023-02-27 22:38:49.884 CET [87738] LOG:  database system is shut down
2023-02-27 22:46:22.437 CET [88090] LOG:  starting PostgreSQL 15.2 on aarch64-apple-darwin21.6.0, compiled by Apple clang version 14.0.0 (clang-1400.0.29.102), 64-bit
2023-02-27 22:46:22.440 CET [88090] LOG:  listening on IPv6 address "::1", port 5432
2023-02-27 22:46:22.440 CET [88090] LOG:  listening on IPv4 address "127.0.0.1", port 5432
2023-02-27 22:46:22.440 CET [88090] LOG:  listening on Unix socket "/tmp/.s.PGSQL.5432"
2023-02-27 22:46:22.445 CET [88093] LOG:  database system was shut down at 2023-02-27 22:38:49 CET
2023-02-27 22:46:22.449 CET [88090] LOG:  database system is ready to accept connections
2023-02-27 22:46:32.944 CET [88090] LOG:  received fast shutdown request
2023-02-27 22:46:32.944 CET [88090] LOG:  aborting any active transactions
2023-02-27 22:46:32.946 CET [88090] LOG:  background worker "logical replication launcher" (PID 88096) exited with exit code 1
2023-02-27 22:46:32.946 CET [88091] LOG:  shutting down
2023-02-27 22:46:32.947 CET [88091] LOG:  checkpoint starting: shutdown immediate
2023-02-27 22:46:32.950 CET [88091] LOG:  checkpoint complete: wrote 3 buffers (0.0%); 0 WAL file(s) added, 0 removed, 0 recycled; write=0.002 s, sync=0.001 s, total=0.004 s; sync files=2, longest=0.001 s, average=0.001 s; distance=0 kB, estimate=0 kB
2023-02-27 22:46:32.954 CET [88090] LOG:  database system is shut down
2023-02-28 07:58:04.587 CET [91724] LOG:  starting PostgreSQL 15.2 on aarch64-apple-darwin21.6.0, compiled by Apple clang version 14.0.0 (clang-1400.0.29.102), 64-bit
2023-02-28 07:58:04.590 CET [91724] LOG:  listening on IPv6 address "::1", port 5432
2023-02-28 07:58:04.590 CET [91724] LOG:  listening on IPv4 address "127.0.0.1", port 5432
2023-02-28 07:58:04.591 CET [91724] LOG:  listening on Unix socket "/tmp/.s.PGSQL.5432"
2023-02-28 07:58:04.595 CET [91727] LOG:  database system was shut down at 2023-02-27 22:46:32 CET
2023-02-28 07:58:04.605 CET [91724] LOG:  database system is ready to accept connections
2023-02-28 07:58:08.537 CET [91743] ERROR:  relation "_prisma_migrations" does not exist at character 126
2023-02-28 07:58:08.537 CET [91743] STATEMENT:  SELECT "id", "checksum", "finished_at", "migration_name", "logs", "rolled_back_at", "started_at", "applied_steps_count" FROM "_prisma_migrations" ORDER BY "started_at" ASC
2023-02-28 07:58:08.858 CET [91725] LOG:  checkpoint starting: immediate force wait
2023-02-28 07:58:08.862 CET [91725] LOG:  checkpoint complete: wrote 9 buffers (0.1%); 0 WAL file(s) added, 0 removed, 1 recycled; write=0.002 s, sync=0.001 s, total=0.004 s; sync files=8, longest=0.001 s, average=0.001 s; distance=4291 kB, estimate=4291 kB
2023-02-28 07:58:09.168 CET [91725] LOG:  checkpoint starting: immediate force wait
2023-02-28 07:58:09.170 CET [91725] LOG:  checkpoint complete: wrote 7 buffers (0.0%); 0 WAL file(s) added, 0 removed, 0 recycled; write=0.001 s, sync=0.001 s, total=0.003 s; sync files=7, longest=0.001 s, average=0.001 s; distance=4291 kB, estimate=4291 kB
2023-02-28 07:58:09.501 CET [91725] LOG:  checkpoint starting: immediate force wait
2023-02-28 07:58:09.509 CET [91725] LOG:  checkpoint complete: wrote 51 buffers (0.3%); 0 WAL file(s) added, 0 removed, 0 recycled; write=0.004 s, sync=0.004 s, total=0.009 s; sync files=40, longest=0.001 s, average=0.001 s; distance=4476 kB, estimate=4476 kB
2023-02-28 07:58:38.008 CET [91725] LOG:  checkpoint starting: immediate force wait
2023-02-28 07:58:38.013 CET [91725] LOG:  checkpoint complete: wrote 7 buffers (0.0%); 0 WAL file(s) added, 0 removed, 0 recycled; write=0.002 s, sync=0.002 s, total=0.006 s; sync files=7, longest=0.001 s, average=0.001 s; distance=4292 kB, estimate=4458 kB
2023-02-28 07:59:09.085 CET [91833] LOG:  could not receive data from client: Connection reset by peer
2023-02-28 07:59:09.356 CET [91725] LOG:  checkpoint starting: immediate force wait
2023-02-28 07:59:09.362 CET [91725] LOG:  checkpoint complete: wrote 53 buffers (0.3%); 0 WAL file(s) added, 0 removed, 1 recycled; write=0.002 s, sync=0.003 s, total=0.007 s; sync files=37, longest=0.001 s, average=0.001 s; distance=4603 kB, estimate=4603 kB
2023-02-28 07:59:09.685 CET [91725] LOG:  checkpoint starting: immediate force wait
2023-02-28 07:59:09.689 CET [91725] LOG:  checkpoint complete: wrote 18 buffers (0.1%); 0 WAL file(s) added, 0 removed, 0 recycled; write=0.002 s, sync=0.002 s, total=0.004 s; sync files=13, longest=0.001 s, average=0.001 s; distance=4452 kB, estimate=4588 kB
2023-02-28 07:59:09.984 CET [91725] LOG:  checkpoint starting: immediate force wait
2023-02-28 07:59:09.987 CET [91725] LOG:  checkpoint complete: wrote 7 buffers (0.0%); 0 WAL file(s) added, 0 removed, 0 recycled; write=0.001 s, sync=0.001 s, total=0.003 s; sync files=7, longest=0.001 s, average=0.001 s; distance=4375 kB, estimate=4566 kB
2023-02-28 07:59:10.309 CET [91725] LOG:  checkpoint starting: immediate force wait
2023-02-28 07:59:10.312 CET [91725] LOG:  checkpoint complete: wrote 7 buffers (0.0%); 0 WAL file(s) added, 0 removed, 0 recycled; write=0.001 s, sync=0.001 s, total=0.003 s; sync files=7, longest=0.001 s, average=0.001 s; distance=4376 kB, estimate=4547 kB
2023-02-28 08:04:10.310 CET [91725] LOG:  checkpoint starting: time
2023-02-28 08:04:10.917 CET [91725] LOG:  checkpoint complete: wrote 7 buffers (0.0%); 0 WAL file(s) added, 0 removed, 0 recycled; write=0.605 s, sync=0.002 s, total=0.608 s; sync files=7, longest=0.001 s, average=0.001 s; distance=27 kB, estimate=4095 kB
2023-02-28 08:34:10.920 CET [91725] LOG:  checkpoint starting: time
2023-02-28 08:34:11.429 CET [91725] LOG:  checkpoint complete: wrote 6 buffers (0.0%); 0 WAL file(s) added, 0 removed, 0 recycled; write=0.506 s, sync=0.002 s, total=0.509 s; sync files=4, longest=0.001 s, average=0.001 s; distance=0 kB, estimate=3686 kB
2023-02-28 08:42:18.716 CET [93376] LOG:  could not receive data from client: Connection reset by peer
2023-02-28 08:42:18.922 CET [91725] LOG:  checkpoint starting: immediate force wait
2023-02-28 08:42:18.925 CET [91725] LOG:  checkpoint complete: wrote 7 buffers (0.0%); 0 WAL file(s) added, 0 removed, 1 recycled; write=0.001 s, sync=0.001 s, total=0.004 s; sync files=7, longest=0.001 s, average=0.001 s; distance=4378 kB, estimate=4378 kB
2023-02-28 08:42:19.210 CET [91725] LOG:  checkpoint starting: immediate force wait
2023-02-28 08:42:19.215 CET [91725] LOG:  checkpoint complete: wrote 7 buffers (0.0%); 0 WAL file(s) added, 0 removed, 0 recycled; write=0.002 s, sync=0.002 s, total=0.005 s; sync files=7, longest=0.001 s, average=0.001 s; distance=4379 kB, estimate=4379 kB
2023-02-28 08:42:19.479 CET [91725] LOG:  checkpoint starting: immediate force wait
2023-02-28 08:42:19.484 CET [91725] LOG:  checkpoint complete: wrote 7 buffers (0.0%); 0 WAL file(s) added, 0 removed, 0 recycled; write=0.002 s, sync=0.002 s, total=0.006 s; sync files=7, longest=0.001 s, average=0.001 s; distance=4379 kB, estimate=4379 kB
2023-02-28 08:42:31.460 CET [91725] LOG:  checkpoint starting: immediate force wait
2023-02-28 08:42:31.465 CET [91725] LOG:  checkpoint complete: wrote 7 buffers (0.0%); 0 WAL file(s) added, 0 removed, 0 recycled; write=0.002 s, sync=0.002 s, total=0.006 s; sync files=7, longest=0.001 s, average=0.001 s; distance=4380 kB, estimate=4380 kB
2023-02-28 08:47:31.469 CET [91725] LOG:  checkpoint starting: time
2023-02-28 08:47:32.280 CET [91725] LOG:  checkpoint complete: wrote 9 buffers (0.1%); 0 WAL file(s) added, 0 removed, 0 recycled; write=0.808 s, sync=0.002 s, total=0.812 s; sync files=8, longest=0.001 s, average=0.001 s; distance=34 kB, estimate=3946 kB
2023-02-28 08:52:31.284 CET [91725] LOG:  checkpoint starting: time
2023-02-28 08:52:31.896 CET [91725] LOG:  checkpoint complete: wrote 7 buffers (0.0%); 0 WAL file(s) added, 0 removed, 0 recycled; write=0.607 s, sync=0.002 s, total=0.612 s; sync files=6, longest=0.001 s, average=0.001 s; distance=22 kB, estimate=3553 kB
2023-02-28 08:57:31.897 CET [91725] LOG:  checkpoint starting: time
2023-02-28 08:57:32.204 CET [91725] LOG:  checkpoint complete: wrote 4 buffers (0.0%); 0 WAL file(s) added, 0 removed, 0 recycled; write=0.303 s, sync=0.002 s, total=0.308 s; sync files=4, longest=0.001 s, average=0.001 s; distance=1 kB, estimate=3198 kB
2023-02-28 13:12:10.865 CET [91725] LOG:  checkpoint starting: time
2023-02-28 13:12:10.970 CET [91725] LOG:  checkpoint complete: wrote 1 buffers (0.0%); 0 WAL file(s) added, 0 removed, 0 recycled; write=0.101 s, sync=0.001 s, total=0.105 s; sync files=1, longest=0.001 s, average=0.001 s; distance=0 kB, estimate=2878 kB
2023-02-28 14:45:21.868 CET [91725] LOG:  checkpoint starting: time
2023-02-28 14:45:22.682 CET [91725] LOG:  checkpoint complete: wrote 9 buffers (0.1%); 0 WAL file(s) added, 0 removed, 0 recycled; write=0.807 s, sync=0.003 s, total=0.814 s; sync files=7, longest=0.001 s, average=0.001 s; distance=2 kB, estimate=2591 kB
2023-02-28 14:50:21.661 CET [91725] LOG:  checkpoint starting: time
2023-02-28 14:50:21.967 CET [91725] LOG:  checkpoint complete: wrote 4 buffers (0.0%); 0 WAL file(s) added, 0 removed, 0 recycled; write=0.303 s, sync=0.002 s, total=0.306 s; sync files=4, longest=0.001 s, average=0.001 s; distance=2 kB, estimate=2332 kB
2023-02-28 14:55:21.967 CET [91725] LOG:  checkpoint starting: time
2023-02-28 14:55:22.270 CET [91725] LOG:  checkpoint complete: wrote 4 buffers (0.0%); 0 WAL file(s) added, 0 removed, 0 recycled; write=0.301 s, sync=0.001 s, total=0.304 s; sync files=4, longest=0.001 s, average=0.001 s; distance=2 kB, estimate=2099 kB
2023-02-28 15:00:21.270 CET [91725] LOG:  checkpoint starting: time
2023-02-28 15:00:21.575 CET [91725] LOG:  checkpoint complete: wrote 4 buffers (0.0%); 0 WAL file(s) added, 0 removed, 0 recycled; write=0.303 s, sync=0.002 s, total=0.306 s; sync files=4, longest=0.001 s, average=0.001 s; distance=2 kB, estimate=1889 kB
2023-02-28 15:03:09.612 CET [91725] LOG:  checkpoint starting: immediate force wait
2023-02-28 15:03:09.616 CET [91725] LOG:  checkpoint complete: wrote 11 buffers (0.1%); 0 WAL file(s) added, 0 removed, 1 recycled; write=0.002 s, sync=0.002 s, total=0.005 s; sync files=11, longest=0.001 s, average=0.001 s; distance=4387 kB, estimate=4387 kB
2023-02-28 15:03:09.907 CET [91725] LOG:  checkpoint starting: immediate force wait
2023-02-28 15:03:09.912 CET [91725] LOG:  checkpoint complete: wrote 7 buffers (0.0%); 0 WAL file(s) added, 0 removed, 0 recycled; write=0.002 s, sync=0.002 s, total=0.005 s; sync files=7, longest=0.001 s, average=0.001 s; distance=4383 kB, estimate=4386 kB
2023-02-28 15:03:10.175 CET [91725] LOG:  checkpoint starting: immediate force wait
2023-02-28 15:03:10.180 CET [91725] LOG:  checkpoint complete: wrote 7 buffers (0.0%); 0 WAL file(s) added, 0 removed, 0 recycled; write=0.002 s, sync=0.002 s, total=0.005 s; sync files=7, longest=0.001 s, average=0.001 s; distance=4384 kB, estimate=4386 kB
2023-02-28 15:03:19.863 CET [91725] LOG:  checkpoint starting: immediate force wait
2023-02-28 15:03:19.869 CET [91725] LOG:  checkpoint complete: wrote 7 buffers (0.0%); 0 WAL file(s) added, 0 removed, 1 recycled; write=0.002 s, sync=0.002 s, total=0.006 s; sync files=7, longest=0.001 s, average=0.001 s; distance=4385 kB, estimate=4386 kB
2023-02-28 15:08:19.865 CET [91725] LOG:  checkpoint starting: time
2023-02-28 15:08:22.284 CET [91725] LOG:  checkpoint complete: wrote 25 buffers (0.2%); 0 WAL file(s) added, 0 removed, 0 recycled; write=2.416 s, sync=0.002 s, total=2.420 s; sync files=21, longest=0.001 s, average=0.001 s; distance=74 kB, estimate=3955 kB
2023-02-28 15:28:19.306 CET [91725] LOG:  checkpoint starting: time
2023-02-28 15:28:19.411 CET [91725] LOG:  checkpoint complete: wrote 2 buffers (0.0%); 0 WAL file(s) added, 0 removed, 0 recycled; write=0.102 s, sync=0.001 s, total=0.105 s; sync files=2, longest=0.001 s, average=0.001 s; distance=0 kB, estimate=3559 kB
2023-02-28 15:31:28.782 CET [91725] LOG:  checkpoint starting: immediate force wait
2023-02-28 15:31:28.786 CET [91725] LOG:  checkpoint complete: wrote 9 buffers (0.1%); 0 WAL file(s) added, 0 removed, 0 recycled; write=0.002 s, sync=0.001 s, total=0.005 s; sync files=9, longest=0.001 s, average=0.001 s; distance=4382 kB, estimate=4382 kB
2023-02-28 15:31:29.077 CET [91725] LOG:  checkpoint starting: immediate force wait
2023-02-28 15:31:29.079 CET [91725] LOG:  checkpoint complete: wrote 7 buffers (0.0%); 0 WAL file(s) added, 0 removed, 0 recycled; write=0.001 s, sync=0.001 s, total=0.003 s; sync files=7, longest=0.001 s, average=0.001 s; distance=4381 kB, estimate=4382 kB
2023-02-28 15:31:29.361 CET [91725] LOG:  checkpoint starting: immediate force wait
2023-02-28 15:31:29.365 CET [91725] LOG:  checkpoint complete: wrote 7 buffers (0.0%); 0 WAL file(s) added, 0 removed, 0 recycled; write=0.002 s, sync=0.001 s, total=0.005 s; sync files=7, longest=0.001 s, average=0.001 s; distance=4382 kB, estimate=4382 kB
2023-02-28 15:35:54.948 CET [4581] LOG:  could not receive data from client: Connection reset by peer
2023-02-28 15:35:55.282 CET [91725] LOG:  checkpoint starting: immediate force wait
2023-02-28 15:35:55.288 CET [91725] LOG:  checkpoint complete: wrote 12 buffers (0.1%); 0 WAL file(s) added, 0 removed, 1 recycled; write=0.002 s, sync=0.003 s, total=0.007 s; sync files=12, longest=0.001 s, average=0.001 s; distance=4385 kB, estimate=4385 kB
2023-02-28 15:35:55.579 CET [91725] LOG:  checkpoint starting: immediate force wait
2023-02-28 15:35:55.583 CET [91725] LOG:  checkpoint complete: wrote 7 buffers (0.0%); 0 WAL file(s) added, 0 removed, 0 recycled; write=0.001 s, sync=0.002 s, total=0.005 s; sync files=7, longest=0.001 s, average=0.001 s; distance=4383 kB, estimate=4385 kB
2023-02-28 15:35:55.845 CET [91725] LOG:  checkpoint starting: immediate force wait
2023-02-28 15:35:55.849 CET [91725] LOG:  checkpoint complete: wrote 7 buffers (0.0%); 0 WAL file(s) added, 0 removed, 0 recycled; write=0.002 s, sync=0.001 s, total=0.004 s; sync files=7, longest=0.001 s, average=0.001 s; distance=4384 kB, estimate=4385 kB
2023-02-28 15:35:57.402 CET [91725] LOG:  checkpoint starting: immediate force wait
2023-02-28 15:35:57.407 CET [91725] LOG:  checkpoint complete: wrote 7 buffers (0.0%); 0 WAL file(s) added, 0 removed, 0 recycled; write=0.002 s, sync=0.002 s, total=0.005 s; sync files=7, longest=0.001 s, average=0.001 s; distance=4385 kB, estimate=4385 kB
2023-02-28 15:40:57.407 CET [91725] LOG:  checkpoint starting: time
2023-02-28 15:41:01.141 CET [91725] LOG:  checkpoint complete: wrote 38 buffers (0.2%); 0 WAL file(s) added, 0 removed, 0 recycled; write=3.731 s, sync=0.001 s, total=3.734 s; sync files=22, longest=0.001 s, average=0.001 s; distance=143 kB, estimate=3961 kB
2023-02-28 15:48:35.349 CET [91724] LOG:  received fast shutdown request
2023-02-28 15:48:35.350 CET [91724] LOG:  aborting any active transactions
2023-02-28 15:48:35.350 CET [5119] FATAL:  terminating connection due to administrator command
2023-02-28 15:48:35.351 CET [91724] LOG:  background worker "logical replication launcher" (PID 91730) exited with exit code 1
2023-02-28 15:48:35.351 CET [91725] LOG:  shutting down
2023-02-28 15:48:35.352 CET [91725] LOG:  checkpoint starting: shutdown immediate
2023-02-28 15:48:35.353 CET [91725] LOG:  checkpoint complete: wrote 2 buffers (0.0%); 0 WAL file(s) added, 0 removed, 0 recycled; write=0.001 s, sync=0.001 s, total=0.002 s; sync files=1, longest=0.001 s, average=0.001 s; distance=0 kB, estimate=3565 kB
2023-02-28 15:48:35.357 CET [91724] LOG:  database system is shut down
2023-02-28 15:48:55.284 CET [5192] LOG:  starting PostgreSQL 15.2 on aarch64-apple-darwin21.6.0, compiled by Apple clang version 14.0.0 (clang-1400.0.29.102), 64-bit
2023-02-28 15:48:55.289 CET [5192] LOG:  listening on IPv6 address "::1", port 5432
2023-02-28 15:48:55.289 CET [5192] LOG:  listening on IPv4 address "127.0.0.1", port 5432
2023-02-28 15:48:55.289 CET [5192] LOG:  listening on Unix socket "/tmp/.s.PGSQL.5432"
2023-02-28 15:48:55.293 CET [5195] LOG:  database system was shut down at 2023-02-28 15:48:35 CET
2023-02-28 15:48:55.298 CET [5192] LOG:  database system is ready to accept connections
2023-02-28 15:50:19.986 CET [5192] LOG:  received fast shutdown request
2023-02-28 15:50:19.986 CET [5192] LOG:  aborting any active transactions
2023-02-28 15:50:19.988 CET [5192] LOG:  background worker "logical replication launcher" (PID 5198) exited with exit code 1
2023-02-28 15:50:19.988 CET [5193] LOG:  shutting down
2023-02-28 15:50:19.988 CET [5193] LOG:  checkpoint starting: shutdown immediate
2023-02-28 15:50:19.991 CET [5193] LOG:  checkpoint complete: wrote 3 buffers (0.0%); 0 WAL file(s) added, 0 removed, 0 recycled; write=0.002 s, sync=0.001 s, total=0.003 s; sync files=2, longest=0.001 s, average=0.001 s; distance=0 kB, estimate=0 kB
2023-02-28 15:50:19.993 CET [5192] LOG:  database system is shut down
2023-02-28 15:50:28.497 CET [5257] LOG:  starting PostgreSQL 15.2 on aarch64-apple-darwin21.6.0, compiled by Apple clang version 14.0.0 (clang-1400.0.29.102), 64-bit
2023-02-28 15:50:28.500 CET [5257] LOG:  listening on IPv6 address "::1", port 5432
2023-02-28 15:50:28.500 CET [5257] LOG:  listening on IPv4 address "127.0.0.1", port 5432
2023-02-28 15:50:28.501 CET [5257] LOG:  listening on Unix socket "/tmp/.s.PGSQL.5432"
2023-02-28 15:50:28.505 CET [5260] LOG:  database system was shut down at 2023-02-28 15:50:19 CET
2023-02-28 15:50:28.508 CET [5257] LOG:  database system is ready to accept connections
2023-02-28 15:51:33.722 CET [5257] LOG:  received fast shutdown request
2023-02-28 15:51:33.723 CET [5257] LOG:  aborting any active transactions
2023-02-28 15:51:33.725 CET [5257] LOG:  background worker "logical replication launcher" (PID 5263) exited with exit code 1
2023-02-28 15:51:33.725 CET [5258] LOG:  shutting down
2023-02-28 15:51:33.725 CET [5258] LOG:  checkpoint starting: shutdown immediate
2023-02-28 15:51:33.728 CET [5258] LOG:  checkpoint complete: wrote 3 buffers (0.0%); 0 WAL file(s) added, 0 removed, 0 recycled; write=0.002 s, sync=0.001 s, total=0.004 s; sync files=2, longest=0.001 s, average=0.001 s; distance=0 kB, estimate=0 kB
2023-02-28 15:51:33.731 CET [5257] LOG:  database system is shut down
2023-02-28 15:54:01.454 CET [5463] LOG:  starting PostgreSQL 15.2 on aarch64-apple-darwin21.6.0, compiled by Apple clang version 14.0.0 (clang-1400.0.29.102), 64-bit
2023-02-28 15:54:01.456 CET [5463] LOG:  listening on IPv6 address "::1", port 5432
2023-02-28 15:54:01.456 CET [5463] LOG:  listening on IPv4 address "127.0.0.1", port 5432
2023-02-28 15:54:01.457 CET [5463] LOG:  listening on Unix socket "/tmp/.s.PGSQL.5432"
2023-02-28 15:54:01.461 CET [5466] LOG:  database system was shut down at 2023-02-28 15:51:33 CET
2023-02-28 15:54:01.464 CET [5463] LOG:  database system is ready to accept connections
2023-02-28 15:59:01.485 CET [5464] LOG:  checkpoint starting: time
2023-02-28 15:59:01.890 CET [5464] LOG:  checkpoint complete: wrote 7 buffers (0.0%); 0 WAL file(s) added, 0 removed, 0 recycled; write=0.404 s, sync=0.001 s, total=0.406 s; sync files=6, longest=0.001 s, average=0.001 s; distance=3 kB, estimate=3 kB
